<?xml version="1.0" encoding="UTF-8"?>
<testsuite name="by.rymko.openapigeneratorgradle.controller.ProjectControllerTest" tests="3" skipped="0" failures="0" errors="0" timestamp="2020-11-16T12:36:46" hostname="ws250" time="0.33">
  <properties/>
  <testcase name="shouldRetrieveExistingProjectByName()" classname="by.rymko.openapigeneratorgradle.controller.ProjectControllerTest" time="0.306"/>
  <testcase name="shouldReturnAllRecordsOnProjectsEndpoint()" classname="by.rymko.openapigeneratorgradle.controller.ProjectControllerTest" time="0.016"/>
  <testcase name="shouldReturnOkOnProjectsEndpoint()" classname="by.rymko.openapigeneratorgradle.controller.ProjectControllerTest" time="0.006"/>
  <system-out><![CDATA[15:36:36.530 [Test worker] DEBUG org.springframework.test.context.BootstrapUtils - Instantiating CacheAwareContextLoaderDelegate from class [org.springframework.test.context.cache.DefaultCacheAwareContextLoaderDelegate]
15:36:36.538 [Test worker] DEBUG org.springframework.test.context.BootstrapUtils - Instantiating BootstrapContext using constructor [public org.springframework.test.context.support.DefaultBootstrapContext(java.lang.Class,org.springframework.test.context.CacheAwareContextLoaderDelegate)]
15:36:36.557 [Test worker] DEBUG org.springframework.test.context.BootstrapUtils - Instantiating TestContextBootstrapper for test class [by.rymko.openapigeneratorgradle.controller.ProjectControllerTest] from class [org.springframework.boot.test.context.SpringBootTestContextBootstrapper]
15:36:36.569 [Test worker] INFO org.springframework.boot.test.context.SpringBootTestContextBootstrapper - Neither @ContextConfiguration nor @ContextHierarchy found for test class [by.rymko.openapigeneratorgradle.controller.ProjectControllerTest], using SpringBootContextLoader
15:36:36.571 [Test worker] DEBUG org.springframework.test.context.support.AbstractContextLoader - Did not detect default resource location for test class [by.rymko.openapigeneratorgradle.controller.ProjectControllerTest]: class path resource [by/rymko/openapigeneratorgradle/controller/ProjectControllerTest-context.xml] does not exist
15:36:36.572 [Test worker] DEBUG org.springframework.test.context.support.AbstractContextLoader - Did not detect default resource location for test class [by.rymko.openapigeneratorgradle.controller.ProjectControllerTest]: class path resource [by/rymko/openapigeneratorgradle/controller/ProjectControllerTestContext.groovy] does not exist
15:36:36.572 [Test worker] INFO org.springframework.test.context.support.AbstractContextLoader - Could not detect default resource locations for test class [by.rymko.openapigeneratorgradle.controller.ProjectControllerTest]: no resource found for suffixes {-context.xml, Context.groovy}.
15:36:36.572 [Test worker] INFO org.springframework.test.context.support.AnnotationConfigContextLoaderUtils - Could not detect default configuration classes for test class [by.rymko.openapigeneratorgradle.controller.ProjectControllerTest]: ProjectControllerTest does not declare any static, non-private, non-final, nested classes annotated with @Configuration.
15:36:36.609 [Test worker] DEBUG org.springframework.test.context.support.ActiveProfilesUtils - Could not find an 'annotation declaring class' for annotation type [org.springframework.test.context.ActiveProfiles] and class [by.rymko.openapigeneratorgradle.controller.ProjectControllerTest]
15:36:36.646 [Test worker] DEBUG org.springframework.context.annotation.ClassPathScanningCandidateComponentProvider - Identified candidate component class: file [/home/rymko/repo/java-st/topics/open-api-generator-gradle/build/classes/java/main/by/rymko/openapigeneratorgradle/OpenApiGeneratorGradleApplication.class]
15:36:36.647 [Test worker] INFO org.springframework.boot.test.context.SpringBootTestContextBootstrapper - Found @SpringBootConfiguration by.rymko.openapigeneratorgradle.OpenApiGeneratorGradleApplication for test class by.rymko.openapigeneratorgradle.controller.ProjectControllerTest
15:36:36.706 [Test worker] DEBUG org.springframework.boot.test.context.SpringBootTestContextBootstrapper - @TestExecutionListeners is not present for class [by.rymko.openapigeneratorgradle.controller.ProjectControllerTest]: using defaults.
15:36:36.706 [Test worker] INFO org.springframework.boot.test.context.SpringBootTestContextBootstrapper - Loaded default TestExecutionListener class names from location [META-INF/spring.factories]: [org.springframework.boot.test.autoconfigure.restdocs.RestDocsTestExecutionListener, org.springframework.boot.test.autoconfigure.web.client.MockRestServiceServerResetTestExecutionListener, org.springframework.boot.test.autoconfigure.web.servlet.MockMvcPrintOnlyOnFailureTestExecutionListener, org.springframework.boot.test.autoconfigure.web.servlet.WebDriverTestExecutionListener, org.springframework.boot.test.autoconfigure.webservices.client.MockWebServiceServerTestExecutionListener, org.springframework.boot.test.mock.mockito.MockitoTestExecutionListener, org.springframework.boot.test.mock.mockito.ResetMocksTestExecutionListener, org.springframework.test.context.web.ServletTestExecutionListener, org.springframework.test.context.support.DirtiesContextBeforeModesTestExecutionListener, org.springframework.test.context.support.DependencyInjectionTestExecutionListener, org.springframework.test.context.support.DirtiesContextTestExecutionListener, org.springframework.test.context.transaction.TransactionalTestExecutionListener, org.springframework.test.context.jdbc.SqlScriptsTestExecutionListener, org.springframework.test.context.event.EventPublishingTestExecutionListener]
15:36:36.715 [Test worker] INFO org.springframework.boot.test.context.SpringBootTestContextBootstrapper - Using TestExecutionListeners: [org.springframework.test.context.web.ServletTestExecutionListener@28d9070f, org.springframework.test.context.support.DirtiesContextBeforeModesTestExecutionListener@4733d6c, org.springframework.boot.test.mock.mockito.MockitoTestExecutionListener@286e6c99, org.springframework.boot.test.autoconfigure.SpringBootDependencyInjectionTestExecutionListener@1ada8872, org.springframework.test.context.support.DirtiesContextTestExecutionListener@7adb1559, org.springframework.test.context.transaction.TransactionalTestExecutionListener@675ecf33, org.springframework.test.context.jdbc.SqlScriptsTestExecutionListener@3c8f7de5, org.springframework.test.context.event.EventPublishingTestExecutionListener@72d8fb1e, org.springframework.boot.test.autoconfigure.restdocs.RestDocsTestExecutionListener@508b49c1, org.springframework.boot.test.autoconfigure.web.client.MockRestServiceServerResetTestExecutionListener@41bd23b4, org.springframework.boot.test.autoconfigure.web.servlet.MockMvcPrintOnlyOnFailureTestExecutionListener@69a0e33, org.springframework.boot.test.autoconfigure.web.servlet.WebDriverTestExecutionListener@33af15f5, org.springframework.boot.test.autoconfigure.webservices.client.MockWebServiceServerTestExecutionListener@39e08700, org.springframework.boot.test.mock.mockito.ResetMocksTestExecutionListener@1168a30b]
15:36:36.718 [Test worker] DEBUG org.springframework.test.context.support.AbstractDirtiesContextTestExecutionListener - Before test class: context [DefaultTestContext@fefa5e9 testClass = ProjectControllerTest, testInstance = [null], testMethod = [null], testException = [null], mergedContextConfiguration = [WebMergedContextConfiguration@6e140416 testClass = ProjectControllerTest, locations = '{}', classes = '{class by.rymko.openapigeneratorgradle.OpenApiGeneratorGradleApplication}', contextInitializerClasses = '[]', activeProfiles = '{}', propertySourceLocations = '{}', propertySourceProperties = '{org.springframework.boot.test.context.SpringBootTestContextBootstrapper=true}', contextCustomizers = set[org.springframework.boot.test.autoconfigure.properties.PropertyMappingContextCustomizer@4b3fa0b3, org.springframework.boot.test.autoconfigure.web.servlet.WebDriverContextCustomizerFactory$Customizer@2d661f, [ImportsContextCustomizer@1dfe85ee key = [org.springframework.boot.test.autoconfigure.web.servlet.MockMvcAutoConfiguration, org.springframework.boot.test.autoconfigure.web.servlet.MockMvcWebClientAutoConfiguration, org.springframework.boot.test.autoconfigure.web.servlet.MockMvcWebDriverAutoConfiguration, org.springframework.boot.autoconfigure.security.oauth2.client.servlet.OAuth2ClientAutoConfiguration, org.springframework.boot.autoconfigure.security.oauth2.resource.servlet.OAuth2ResourceServerAutoConfiguration, org.springframework.boot.autoconfigure.security.servlet.SecurityAutoConfiguration, org.springframework.boot.autoconfigure.security.servlet.SecurityFilterAutoConfiguration, org.springframework.boot.autoconfigure.security.servlet.UserDetailsServiceAutoConfiguration, org.springframework.boot.test.autoconfigure.web.servlet.MockMvcSecurityConfiguration]], org.springframework.boot.test.context.filter.ExcludeFilterContextCustomizer@5698126, org.springframework.boot.test.json.DuplicateJsonObjectContextCustomizerFactory$DuplicateJsonObjectContextCustomizer@9ecf9d9, org.springframework.boot.test.mock.mockito.MockitoContextCustomizer@0, org.springframework.boot.test.web.client.TestRestTemplateContextCustomizer@716a815f, org.springframework.boot.test.context.SpringBootTestArgs@1, org.springframework.boot.test.context.SpringBootTestWebEnvironment@6a10e8f1], resourceBasePath = 'src/main/webapp', contextLoader = 'org.springframework.boot.test.context.SpringBootContextLoader', parent = [null]], attributes = map['org.springframework.test.context.web.ServletTestExecutionListener.activateListener' -> true]], class annotated with @DirtiesContext [false] with mode [null].
15:36:36.753 [Test worker] DEBUG org.springframework.test.context.support.TestPropertySourceUtils - Adding inlined properties to environment: {spring.jmx.enabled=false, org.springframework.boot.test.context.SpringBootTestContextBootstrapper=true}

  .   ____          _            __ _ _
 /\\ / ___'_ __ _ _(_)_ __  __ _ \ \ \ \
( ( )\___ | '_ | '_| | '_ \/ _` | \ \ \ \
 \\/  ___)| |_)| | | | | || (_| |  ) ) ) )
  '  |____| .__|_| |_|_| |_\__, | / / / /
 =========|_|==============|___/=/_/_/_/
 :: Spring Boot ::        (v2.3.5.RELEASE)

2020-11-16 15:36:40.323  WARN 28382 --- [    Test worker] o.s.boot.StartupInfoLogger               : InetAddress.getLocalHost().getHostName() took 2069 milliseconds to respond. Please verify your network configuration.
2020-11-16 15:36:43.897  INFO 28382 --- [    Test worker] b.r.o.controller.ProjectControllerTest   : Starting ProjectControllerTest with PID 28382 (started by rymko in /home/rymko/repo/java-st/topics/open-api-generator-gradle)
2020-11-16 15:36:43.897  INFO 28382 --- [    Test worker] b.r.o.controller.ProjectControllerTest   : No active profile set, falling back to default profiles: default
2020-11-16 15:36:44.341  INFO 28382 --- [    Test worker] .s.d.r.c.RepositoryConfigurationDelegate : Bootstrapping Spring Data JPA repositories in DEFERRED mode.
2020-11-16 15:36:44.379  INFO 28382 --- [    Test worker] .s.d.r.c.RepositoryConfigurationDelegate : Finished Spring Data repository scanning in 32ms. Found 1 JPA repository interfaces.
2020-11-16 15:36:44.781  INFO 28382 --- [    Test worker] o.s.s.concurrent.ThreadPoolTaskExecutor  : Initializing ExecutorService 'applicationTaskExecutor'
2020-11-16 15:36:44.792  INFO 28382 --- [    Test worker] com.zaxxer.hikari.HikariDataSource       : HikariPool-1 - Starting...
2020-11-16 15:36:44.914  INFO 28382 --- [    Test worker] com.zaxxer.hikari.HikariDataSource       : HikariPool-1 - Start completed.
2020-11-16 15:36:44.958  INFO 28382 --- [         task-1] o.hibernate.jpa.internal.util.LogHelper  : HHH000204: Processing PersistenceUnitInfo [name: default]
2020-11-16 15:36:44.996  INFO 28382 --- [         task-1] org.hibernate.Version                    : HHH000412: Hibernate ORM core version 5.4.22.Final
2020-11-16 15:36:45.112  INFO 28382 --- [         task-1] o.hibernate.annotations.common.Version   : HCANN000001: Hibernate Commons Annotations {5.1.0.Final}
2020-11-16 15:36:45.187  WARN 28382 --- [    Test worker] JpaBaseConfiguration$JpaWebConfiguration : spring.jpa.open-in-view is enabled by default. Therefore, database queries may be performed during view rendering. Explicitly configure spring.jpa.open-in-view to disable this warning
2020-11-16 15:36:45.223  INFO 28382 --- [         task-1] org.hibernate.dialect.Dialect            : HHH000400: Using dialect: org.hibernate.dialect.H2Dialect
2020-11-16 15:36:45.400  INFO 28382 --- [    Test worker] pertySourcedRequestMappingHandlerMapping : Mapped URL path [/v2/api-docs] onto method [springfox.documentation.swagger2.web.Swagger2Controller#getDocumentation(String, HttpServletRequest)]
2020-11-16 15:36:45.801  INFO 28382 --- [         task-1] o.h.e.t.j.p.i.JtaPlatformInitiator       : HHH000490: Using JtaPlatform implementation: [org.hibernate.engine.transaction.jta.platform.internal.NoJtaPlatform]
2020-11-16 15:36:45.807  INFO 28382 --- [         task-1] j.LocalContainerEntityManagerFactoryBean : Initialized JPA EntityManagerFactory for persistence unit 'default'
2020-11-16 15:36:45.875  INFO 28382 --- [    Test worker] o.s.b.t.m.w.SpringBootMockServletContext : Initializing Spring TestDispatcherServlet ''
2020-11-16 15:36:45.875  INFO 28382 --- [    Test worker] o.s.t.web.servlet.TestDispatcherServlet  : Initializing Servlet ''
2020-11-16 15:36:45.883  INFO 28382 --- [    Test worker] o.s.t.web.servlet.TestDispatcherServlet  : Completed initialization in 8 ms
2020-11-16 15:36:45.895  INFO 28382 --- [    Test worker] d.s.w.p.DocumentationPluginsBootstrapper : Context refreshed
2020-11-16 15:36:46.006  INFO 28382 --- [    Test worker] d.s.w.p.DocumentationPluginsBootstrapper : Found 1 custom documentation plugin(s)
2020-11-16 15:36:46.026  INFO 28382 --- [    Test worker] s.d.s.w.s.ApiListingReferenceScanner     : Scanning for api listing references
2020-11-16 15:36:46.110  INFO 28382 --- [    Test worker] DeferredRepositoryInitializationListener : Triggering deferred initialization of Spring Data repositories…
2020-11-16 15:36:46.321  INFO 28382 --- [    Test worker] DeferredRepositoryInitializationListener : Spring Data repositories initialized!
2020-11-16 15:36:46.327  INFO 28382 --- [    Test worker] b.r.o.controller.ProjectControllerTest   : Started ProjectControllerTest in 9.568 seconds (JVM running for 10.244)
2020-11-16 15:36:46.372  INFO 28382 --- [    Test worker] b.r.o.controller.ProjectControllerTest   : Deleting records from table.
2020-11-16 15:36:46.375  INFO 28382 --- [    Test worker] o.s.test.jdbc.JdbcTestUtils              : Deleted 0 rows from table project
2020-11-16 15:36:46.648  INFO 28382 --- [    Test worker] b.r.o.controller.ProjectControllerTest   : Deleting records from table.
2020-11-16 15:36:46.649  INFO 28382 --- [    Test worker] o.s.test.jdbc.JdbcTestUtils              : Deleted 1 rows from table project
2020-11-16 15:36:46.666  INFO 28382 --- [    Test worker] b.r.o.controller.ProjectControllerTest   : Deleting records from table.
2020-11-16 15:36:46.667  INFO 28382 --- [    Test worker] o.s.test.jdbc.JdbcTestUtils              : Deleted 2 rows from table project
]]></system-out>
  <system-err><![CDATA[]]></system-err>
</testsuite>
