<?xml version="1.0" encoding="UTF-8"?>
<testsuite name="by.rymko.openapigeneratorgradle.controller.ProjectControllerTest" tests="3" skipped="0" failures="0" errors="0" timestamp="2020-11-13T15:16:30" hostname="ws250" time="0.349">
  <properties/>
  <testcase name="shouldRetrieveExistingProjectByName()" classname="by.rymko.openapigeneratorgradle.controller.ProjectControllerTest" time="0.325"/>
  <testcase name="shouldReturnAllRecordsOnProjectsEndpoint()" classname="by.rymko.openapigeneratorgradle.controller.ProjectControllerTest" time="0.018"/>
  <testcase name="shouldReturnOkOnProjectsEndpoint()" classname="by.rymko.openapigeneratorgradle.controller.ProjectControllerTest" time="0.005"/>
  <system-out><![CDATA[18:16:24.014 [Test worker] DEBUG org.springframework.test.context.BootstrapUtils - Instantiating CacheAwareContextLoaderDelegate from class [org.springframework.test.context.cache.DefaultCacheAwareContextLoaderDelegate]
18:16:24.022 [Test worker] DEBUG org.springframework.test.context.BootstrapUtils - Instantiating BootstrapContext using constructor [public org.springframework.test.context.support.DefaultBootstrapContext(java.lang.Class,org.springframework.test.context.CacheAwareContextLoaderDelegate)]
18:16:24.041 [Test worker] DEBUG org.springframework.test.context.BootstrapUtils - Instantiating TestContextBootstrapper for test class [by.rymko.openapigeneratorgradle.controller.ProjectControllerTest] from class [org.springframework.boot.test.context.SpringBootTestContextBootstrapper]
18:16:24.051 [Test worker] INFO org.springframework.boot.test.context.SpringBootTestContextBootstrapper - Neither @ContextConfiguration nor @ContextHierarchy found for test class [by.rymko.openapigeneratorgradle.controller.ProjectControllerTest], using SpringBootContextLoader
18:16:24.054 [Test worker] DEBUG org.springframework.test.context.support.AbstractContextLoader - Did not detect default resource location for test class [by.rymko.openapigeneratorgradle.controller.ProjectControllerTest]: class path resource [by/rymko/openapigeneratorgradle/controller/ProjectControllerTest-context.xml] does not exist
18:16:24.054 [Test worker] DEBUG org.springframework.test.context.support.AbstractContextLoader - Did not detect default resource location for test class [by.rymko.openapigeneratorgradle.controller.ProjectControllerTest]: class path resource [by/rymko/openapigeneratorgradle/controller/ProjectControllerTestContext.groovy] does not exist
18:16:24.054 [Test worker] INFO org.springframework.test.context.support.AbstractContextLoader - Could not detect default resource locations for test class [by.rymko.openapigeneratorgradle.controller.ProjectControllerTest]: no resource found for suffixes {-context.xml, Context.groovy}.
18:16:24.055 [Test worker] INFO org.springframework.test.context.support.AnnotationConfigContextLoaderUtils - Could not detect default configuration classes for test class [by.rymko.openapigeneratorgradle.controller.ProjectControllerTest]: ProjectControllerTest does not declare any static, non-private, non-final, nested classes annotated with @Configuration.
18:16:24.092 [Test worker] DEBUG org.springframework.test.context.support.ActiveProfilesUtils - Could not find an 'annotation declaring class' for annotation type [org.springframework.test.context.ActiveProfiles] and class [by.rymko.openapigeneratorgradle.controller.ProjectControllerTest]
18:16:24.129 [Test worker] DEBUG org.springframework.context.annotation.ClassPathScanningCandidateComponentProvider - Identified candidate component class: file [/home/rymko/repo/java-st/topics/open-api-generator-gradle/build/classes/java/main/by/rymko/openapigeneratorgradle/OpenApiGeneratorGradleApplication.class]
18:16:24.129 [Test worker] INFO org.springframework.boot.test.context.SpringBootTestContextBootstrapper - Found @SpringBootConfiguration by.rymko.openapigeneratorgradle.OpenApiGeneratorGradleApplication for test class by.rymko.openapigeneratorgradle.controller.ProjectControllerTest
18:16:24.191 [Test worker] DEBUG org.springframework.boot.test.context.SpringBootTestContextBootstrapper - @TestExecutionListeners is not present for class [by.rymko.openapigeneratorgradle.controller.ProjectControllerTest]: using defaults.
18:16:24.192 [Test worker] INFO org.springframework.boot.test.context.SpringBootTestContextBootstrapper - Loaded default TestExecutionListener class names from location [META-INF/spring.factories]: [org.springframework.boot.test.autoconfigure.restdocs.RestDocsTestExecutionListener, org.springframework.boot.test.autoconfigure.web.client.MockRestServiceServerResetTestExecutionListener, org.springframework.boot.test.autoconfigure.web.servlet.MockMvcPrintOnlyOnFailureTestExecutionListener, org.springframework.boot.test.autoconfigure.web.servlet.WebDriverTestExecutionListener, org.springframework.boot.test.autoconfigure.webservices.client.MockWebServiceServerTestExecutionListener, org.springframework.boot.test.mock.mockito.MockitoTestExecutionListener, org.springframework.boot.test.mock.mockito.ResetMocksTestExecutionListener, org.springframework.test.context.web.ServletTestExecutionListener, org.springframework.test.context.support.DirtiesContextBeforeModesTestExecutionListener, org.springframework.test.context.support.DependencyInjectionTestExecutionListener, org.springframework.test.context.support.DirtiesContextTestExecutionListener, org.springframework.test.context.transaction.TransactionalTestExecutionListener, org.springframework.test.context.jdbc.SqlScriptsTestExecutionListener, org.springframework.test.context.event.EventPublishingTestExecutionListener]
18:16:24.201 [Test worker] INFO org.springframework.boot.test.context.SpringBootTestContextBootstrapper - Using TestExecutionListeners: [org.springframework.test.context.web.ServletTestExecutionListener@395c669, org.springframework.test.context.support.DirtiesContextBeforeModesTestExecutionListener@353c3a7e, org.springframework.boot.test.mock.mockito.MockitoTestExecutionListener@393d65db, org.springframework.boot.test.autoconfigure.SpringBootDependencyInjectionTestExecutionListener@fb2349a, org.springframework.test.context.support.DirtiesContextTestExecutionListener@22b91d8b, org.springframework.test.context.transaction.TransactionalTestExecutionListener@76822c68, org.springframework.test.context.jdbc.SqlScriptsTestExecutionListener@24438cde, org.springframework.test.context.event.EventPublishingTestExecutionListener@3acb6a28, org.springframework.boot.test.autoconfigure.restdocs.RestDocsTestExecutionListener@50f47dbf, org.springframework.boot.test.autoconfigure.web.client.MockRestServiceServerResetTestExecutionListener@3772faa5, org.springframework.boot.test.autoconfigure.web.servlet.MockMvcPrintOnlyOnFailureTestExecutionListener@fefa5e9, org.springframework.boot.test.autoconfigure.web.servlet.WebDriverTestExecutionListener@6e140416, org.springframework.boot.test.autoconfigure.webservices.client.MockWebServiceServerTestExecutionListener@1dfe85ee, org.springframework.boot.test.mock.mockito.ResetMocksTestExecutionListener@3df9f326]
18:16:24.203 [Test worker] DEBUG org.springframework.test.context.support.AbstractDirtiesContextTestExecutionListener - Before test class: context [DefaultTestContext@455596c6 testClass = ProjectControllerTest, testInstance = [null], testMethod = [null], testException = [null], mergedContextConfiguration = [WebMergedContextConfiguration@79554224 testClass = ProjectControllerTest, locations = '{}', classes = '{class by.rymko.openapigeneratorgradle.OpenApiGeneratorGradleApplication}', contextInitializerClasses = '[]', activeProfiles = '{}', propertySourceLocations = '{}', propertySourceProperties = '{org.springframework.boot.test.context.SpringBootTestContextBootstrapper=true}', contextCustomizers = set[org.springframework.boot.test.autoconfigure.properties.PropertyMappingContextCustomizer@4b3fa0b3, org.springframework.boot.test.autoconfigure.web.servlet.WebDriverContextCustomizerFactory$Customizer@5156c194, [ImportsContextCustomizer@4eb9b558 key = [org.springframework.boot.test.autoconfigure.web.servlet.MockMvcAutoConfiguration, org.springframework.boot.test.autoconfigure.web.servlet.MockMvcWebClientAutoConfiguration, org.springframework.boot.test.autoconfigure.web.servlet.MockMvcWebDriverAutoConfiguration, org.springframework.boot.autoconfigure.security.oauth2.client.servlet.OAuth2ClientAutoConfiguration, org.springframework.boot.autoconfigure.security.oauth2.resource.servlet.OAuth2ResourceServerAutoConfiguration, org.springframework.boot.autoconfigure.security.servlet.SecurityAutoConfiguration, org.springframework.boot.autoconfigure.security.servlet.SecurityFilterAutoConfiguration, org.springframework.boot.autoconfigure.security.servlet.UserDetailsServiceAutoConfiguration, org.springframework.boot.test.autoconfigure.web.servlet.MockMvcSecurityConfiguration]], org.springframework.boot.test.context.filter.ExcludeFilterContextCustomizer@aeac81, org.springframework.boot.test.json.DuplicateJsonObjectContextCustomizerFactory$DuplicateJsonObjectContextCustomizer@35496a18, org.springframework.boot.test.mock.mockito.MockitoContextCustomizer@0, org.springframework.boot.test.web.client.TestRestTemplateContextCustomizer@bf6de96, org.springframework.boot.test.context.SpringBootTestArgs@1, org.springframework.boot.test.context.SpringBootTestWebEnvironment@6011fd83], resourceBasePath = 'src/main/webapp', contextLoader = 'org.springframework.boot.test.context.SpringBootContextLoader', parent = [null]], attributes = map['org.springframework.test.context.web.ServletTestExecutionListener.activateListener' -> true]], class annotated with @DirtiesContext [false] with mode [null].
18:16:24.239 [Test worker] DEBUG org.springframework.test.context.support.TestPropertySourceUtils - Adding inlined properties to environment: {spring.jmx.enabled=false, org.springframework.boot.test.context.SpringBootTestContextBootstrapper=true}

  .   ____          _            __ _ _
 /\\ / ___'_ __ _ _(_)_ __  __ _ \ \ \ \
( ( )\___ | '_ | '_| | '_ \/ _` | \ \ \ \
 \\/  ___)| |_)| | | | | || (_| |  ) ) ) )
  '  |____| .__|_| |_|_| |_\__, | / / / /
 =========|_|==============|___/=/_/_/_/
 :: Spring Boot ::        (v2.3.5.RELEASE)

2020-11-13 18:16:26.660  WARN 10461 --- [    Test worker] o.s.boot.StartupInfoLogger               : InetAddress.getLocalHost().getHostName() took 1091 milliseconds to respond. Please verify your network configuration.
2020-11-13 18:16:27.685  INFO 10461 --- [    Test worker] b.r.o.controller.ProjectControllerTest   : Starting ProjectControllerTest with PID 10461 (started by rymko in /home/rymko/repo/java-st/topics/open-api-generator-gradle)
2020-11-13 18:16:27.688  INFO 10461 --- [    Test worker] b.r.o.controller.ProjectControllerTest   : No active profile set, falling back to default profiles: default
2020-11-13 18:16:28.173  INFO 10461 --- [    Test worker] .s.d.r.c.RepositoryConfigurationDelegate : Bootstrapping Spring Data JPA repositories in DEFERRED mode.
2020-11-13 18:16:28.210  INFO 10461 --- [    Test worker] .s.d.r.c.RepositoryConfigurationDelegate : Finished Spring Data repository scanning in 31ms. Found 1 JPA repository interfaces.
2020-11-13 18:16:28.595  INFO 10461 --- [    Test worker] o.s.s.concurrent.ThreadPoolTaskExecutor  : Initializing ExecutorService 'applicationTaskExecutor'
2020-11-13 18:16:28.608  INFO 10461 --- [    Test worker] com.zaxxer.hikari.HikariDataSource       : HikariPool-1 - Starting...
2020-11-13 18:16:28.723  INFO 10461 --- [    Test worker] com.zaxxer.hikari.HikariDataSource       : HikariPool-1 - Start completed.
2020-11-13 18:16:28.774  INFO 10461 --- [         task-1] o.hibernate.jpa.internal.util.LogHelper  : HHH000204: Processing PersistenceUnitInfo [name: default]
2020-11-13 18:16:28.816  INFO 10461 --- [         task-1] org.hibernate.Version                    : HHH000412: Hibernate ORM core version 5.4.22.Final
2020-11-13 18:16:28.943  INFO 10461 --- [         task-1] o.hibernate.annotations.common.Version   : HCANN000001: Hibernate Commons Annotations {5.1.0.Final}
2020-11-13 18:16:29.038  WARN 10461 --- [    Test worker] JpaBaseConfiguration$JpaWebConfiguration : spring.jpa.open-in-view is enabled by default. Therefore, database queries may be performed during view rendering. Explicitly configure spring.jpa.open-in-view to disable this warning
2020-11-13 18:16:29.070  INFO 10461 --- [         task-1] org.hibernate.dialect.Dialect            : HHH000400: Using dialect: org.hibernate.dialect.H2Dialect
2020-11-13 18:16:29.315  INFO 10461 --- [    Test worker] pertySourcedRequestMappingHandlerMapping : Mapped URL path [/v2/api-docs] onto method [springfox.documentation.swagger2.web.Swagger2Controller#getDocumentation(String, HttpServletRequest)]
2020-11-13 18:16:29.651  INFO 10461 --- [         task-1] o.h.e.t.j.p.i.JtaPlatformInitiator       : HHH000490: Using JtaPlatform implementation: [org.hibernate.engine.transaction.jta.platform.internal.NoJtaPlatform]
2020-11-13 18:16:29.658  INFO 10461 --- [         task-1] j.LocalContainerEntityManagerFactoryBean : Initialized JPA EntityManagerFactory for persistence unit 'default'
2020-11-13 18:16:29.781  INFO 10461 --- [    Test worker] o.s.b.t.m.w.SpringBootMockServletContext : Initializing Spring TestDispatcherServlet ''
2020-11-13 18:16:29.781  INFO 10461 --- [    Test worker] o.s.t.web.servlet.TestDispatcherServlet  : Initializing Servlet ''
2020-11-13 18:16:29.789  INFO 10461 --- [    Test worker] o.s.t.web.servlet.TestDispatcherServlet  : Completed initialization in 8 ms
2020-11-13 18:16:29.802  INFO 10461 --- [    Test worker] d.s.w.p.DocumentationPluginsBootstrapper : Context refreshed
2020-11-13 18:16:29.907  INFO 10461 --- [    Test worker] d.s.w.p.DocumentationPluginsBootstrapper : Found 1 custom documentation plugin(s)
2020-11-13 18:16:29.929  INFO 10461 --- [    Test worker] s.d.s.w.s.ApiListingReferenceScanner     : Scanning for api listing references
2020-11-13 18:16:30.016  INFO 10461 --- [    Test worker] DeferredRepositoryInitializationListener : Triggering deferred initialization of Spring Data repositories…
2020-11-13 18:16:30.208  INFO 10461 --- [    Test worker] DeferredRepositoryInitializationListener : Spring Data repositories initialized!
2020-11-13 18:16:30.214  INFO 10461 --- [    Test worker] b.r.o.controller.ProjectControllerTest   : Started ProjectControllerTest in 5.97 seconds (JVM running for 6.684)
2020-11-13 18:16:30.261  INFO 10461 --- [    Test worker] b.r.o.controller.ProjectControllerTest   : Deleting records from table.
2020-11-13 18:16:30.265  INFO 10461 --- [    Test worker] o.s.test.jdbc.JdbcTestUtils              : Deleted 0 rows from table project
2020-11-13 18:16:30.555  INFO 10461 --- [    Test worker] b.r.o.controller.ProjectControllerTest   : Deleting records from table.
2020-11-13 18:16:30.555  INFO 10461 --- [    Test worker] o.s.test.jdbc.JdbcTestUtils              : Deleted 1 rows from table project
2020-11-13 18:16:30.573  INFO 10461 --- [    Test worker] b.r.o.controller.ProjectControllerTest   : Deleting records from table.
2020-11-13 18:16:30.574  INFO 10461 --- [    Test worker] o.s.test.jdbc.JdbcTestUtils              : Deleted 2 rows from table project
]]></system-out>
  <system-err><![CDATA[]]></system-err>
</testsuite>
